   631 19.53 1.54 1.54           CM034718.1   2396008   2396137 (23130188) +               LTR_v2     Unspecified     108     237   (112)    
  3226 0.29 0.00 0.00           CM034718.1   6130317   6130665 (19395660) C               LTR_v2     Unspecified     (0)     349       1    
  3185 0.29 0.29 0.00           CM034718.1   6135220   6135567 (19390758) C               LTR_v2     Unspecified     (0)     349       1    
   627 19.53 1.54 1.54           CM034718.1   9723053   9723182 (15803143) +               LTR_v2     Unspecified     108     237   (112)    
  3049 0.00 0.00 0.00           CM034718.1  13818108  13818456 (11707869) C               LTR_v2     Unspecified     (0)     349       1    
  3049 0.00 0.00 0.00           CM034718.1  14085647  14085995 (11440330) C               LTR_v2     Unspecified     (0)     349       1    
  3049 0.00 0.00 0.00           CM034718.1  14090504  14090852 (11435473) C               LTR_v2     Unspecified     (0)     349       1    
  3049 0.00 0.00 0.00           CM034718.1  20111891  20112239 (5414086) +               LTR_v2     Unspecified       1     349     (0)    
  3049 0.00 0.00 0.00           CM034718.1  20116715  20117063 (5409262) +               LTR_v2     Unspecified       1     349     (0)    
  3049 0.00 0.00 0.00           CM034718.1  20122265  20122613 (5403712) C               LTR_v2     Unspecified     (0)     349       1    
  3049 0.00 0.00 0.00           CM034718.1  20127084  20127432 (5398893) C               LTR_v2     Unspecified     (0)     349       1    
  3049 0.00 0.00 0.00           CM034718.1  20157003  20157351 (5368974) +               LTR_v2     Unspecified       1     349     (0)    
  3049 0.00 0.00 0.00           CM034718.1  20161862  20162210 (5364115) +               LTR_v2     Unspecified       1     349     (0)    
   424 28.92 3.38 5.15           CM034718.1  24155200  24155436 (1370889) +               LTR_v2     Unspecified      92     324    (25)    
   520 27.69 3.83 4.72           CM034718.1  24217003  24217237 (1309088) C               LTR_v2     Unspecified    (25)     324      92    
   501 26.83 4.31 5.22           CM034718.1  24749369  24749600 (776725) C               LTR_v2     Unspecified    (28)     321      92    
   502 24.78 6.90 7.83           CM034718.1  24757399  24757630 (768695) C               LTR_v2     Unspecified    (28)     321      92    
   523 26.38 4.31 5.22           CM034718.1  24765508  24765739 (760586) C               LTR_v2     Unspecified    (28)     321      92    
  3271 0.00 0.00 0.00           CM034719.1   1032193   1032541 (22729609) +               LTR_v2     Unspecified       1     349     (0)    
  3271 0.00 0.00 0.00           CM034719.1   1036971   1037319 (22724831) +               LTR_v2     Unspecified       1     349     (0)    
   626 23.16 3.30 6.31           CM034719.1   4219829   4220040 (19542110) C               LTR_v2     Unspecified    (36)     313     108    
   587 23.27 3.79 6.31           CM034719.1   4224801   4225011 (19537139) C               LTR_v2     Unspecified    (36)     313     108    
   591 22.87 4.29 6.31           CM034719.1   7101397   7101606 (16660544) +               LTR_v2     Unspecified     108     313    (36)    
   590 19.68 2.33 1.54           CM034719.1   7106345   7106473 (16655677) +               LTR_v2     Unspecified     108     237   (112)    
  3049 0.00 0.00 0.00           CM034719.1   7371601   7371949 (16390201) C               LTR_v2     Unspecified     (0)     349       1    
  2641 0.95 0.95 0.00           CM034719.1   7375537   7375852 (16386298) C               LTR_v2     Unspecified     (0)     349      31    
  3148 0.00 0.29 0.00           CM034719.1  13687655  13688002 (10074148) +               LTR_v2     Unspecified       1     349     (0)    
  3189 0.00 0.00 0.00           CM034719.1  13692478  13692826 (10069324) +               LTR_v2     Unspecified       1     349     (0)    
   627 19.53 1.54 1.54           CM034719.1  19587992  19588121 (4174029) C               LTR_v2     Unspecified   (112)     237     108    
   573 19.53 1.54 1.54           CM034719.1  22401330  22401459 (1360691) +               LTR_v2     Unspecified     108     237   (112)    
   588 18.75 1.54 1.54           CM034719.1  22406299  22406428 (1355722) +               LTR_v2     Unspecified     108     237   (112)    
   517 24.73 6.48 2.68           CM034719.1  22945351  22945566 (816584) +               LTR_v2     Unspecified      92     315    (34)    
   539 24.26 6.48 2.68           CM034719.1  23213653  23213868 (548282) C               LTR_v2     Unspecified    (34)     315      92    
   322 20.88 11.28 2.78           CM034720.1    811891    812023 (24683560) +               LTR_v2     Unspecified     128     271    (78)    
   628 19.38 1.53 1.53           CM034720.1   1486012   1486142 (24009441) C               LTR_v2     Unspecified   (111)     238     108    
   484 19.35 4.76 1.54           CM034720.1   1490986   1491111 (24004472) C               LTR_v2     Unspecified   (112)     237     108    
   438 26.82 3.92 4.95           CM034720.1   1818706   1818909 (23676674) C               LTR_v2     Unspecified    (56)     293      92    
   617 19.53 1.54 1.54           CM034720.1   1836036   1836165 (23659418) +               LTR_v2     Unspecified     108     237   (112)    
   617 19.53 1.54 1.54           CM034720.1   1841045   1841174 (23654409) +               LTR_v2     Unspecified     108     237   (112)    
   266 31.92 2.07 2.78           CM034720.1   2150443   2150587 (23344996) +               LTR_v2     Unspecified      92     235   (114)    
   485 25.43 6.47 2.84           CM034720.1   2271125   2271294 (23224289) C               LTR_v2     Unspecified    (82)     267      92    
   450 27.74 4.31 5.22           CM034720.1   3647882   3648113 (21847470) C               LTR_v2     Unspecified    (28)     321      92    
   310 22.28 9.85 1.40           CM034720.1   4216474   4216605 (21278978) +               LTR_v2     Unspecified     128     270    (79)    
   474 24.63 5.91 4.02           CM034720.1   5551610   5551829 (19943754) +               LTR_v2     Unspecified      91     314    (35)    
   398 26.19 8.18 6.25           CM034720.1   5758243   5758462 (19737121) C               LTR_v2     Unspecified    (34)     315      92    
   573 19.53 1.54 1.54           CM034720.1   5864528   5864657 (19630926) C               LTR_v2     Unspecified   (112)     237     108    
   573 19.53 1.54 1.54           CM034720.1   5869564   5869693 (19625890) C               LTR_v2     Unspecified   (112)     237     108    
   578 24.76 3.83 5.34           CM034720.1   6013763   6013971 (19481612) +               LTR_v2     Unspecified     108     313    (36)    
   643 24.91 2.36 5.34           CM034720.1   6018788   6018999 (19476584) +               LTR_v2     Unspecified     108     313    (36)    
  3049 0.00 0.00 0.00           CM034720.1   6178685   6179033 (19316550) C               LTR_v2     Unspecified     (0)     349       1    
  3049 0.00 0.00 0.00           CM034720.1   6183540   6183888 (19311695) C               LTR_v2     Unspecified     (0)     349       1    
   591 24.21 6.75 4.12           CM034720.1   7613049   7613285 (17882298) C               LTR_v2     Unspecified    (16)     333      91    
   591 24.21 6.75 4.12           CM034720.1   7617817   7618053 (17877530) C               LTR_v2     Unspecified    (16)     333      91    
   627 19.53 1.54 1.54           CM034720.1  17028543  17028672 (8466911) C               LTR_v2     Unspecified   (112)     237     108    
   627 19.53 1.54 1.54           CM034720.1  17033526  17033655 (8461928) C               LTR_v2     Unspecified   (112)     237     108    
   601 0.00 0.00 0.00           CM034721.1    128610    128682 (28553160) +               LTR_v2     Unspecified       1      73   (276)    
   684 2.35 1.18 0.00           CM034721.1    128668    128752 (28553090) +               LTR_v2     Unspecified     264     349     (0)    
   601 0.00 0.00 0.00           CM034721.1    132647    132719 (28549123) +               LTR_v2     Unspecified       1      73   (276)    
   684 2.35 1.18 0.00           CM034721.1    132705    132789 (28549053) +               LTR_v2     Unspecified     264     349     (0)    
  3271 0.00 0.00 0.00           CM034721.1   3142821   3143169 (25538673) C               LTR_v2     Unspecified     (0)     349       1    
   230 18.52 0.00 1.85           CM034721.1   3148097   3148151 (25533691) C               LTR_v2     Unspecified   (193)     156     103    
   573 19.53 1.54 1.54           CM034721.1   4641219   4641348 (24040494) +               LTR_v2     Unspecified     108     237   (112)    
   573 19.53 1.54 1.54           CM034721.1   4646168   4646297 (24035545) +               LTR_v2     Unspecified     108     237   (112)    
  3189 0.00 0.00 0.00           CM034721.1  18650970  18651318 (10030524) +               LTR_v2     Unspecified       1     349     (0)    
  3189 0.00 0.00 0.00           CM034721.1  18655828  18656176 (10025666) +               LTR_v2     Unspecified       1     349     (0)    
  3258 0.00 0.00 0.00           CM034721.1  22186491  22186839 (6495003) C               LTR_v2     Unspecified     (0)     349       1    
  3217 0.00 0.29 0.00           CM034721.1  22191341  22191688 (6490154) C               LTR_v2     Unspecified     (0)     349       1    
   543 19.53 1.53 2.31           CM034721.1  23448933  23449063 (5232779) C               LTR_v2     Unspecified   (112)     237     108    
   573 19.53 1.54 1.54           CM034721.1  23453894  23454023 (5227819) C               LTR_v2     Unspecified   (112)     237     108    
   386 25.22 2.54 2.54           CM034721.1  23817914  23818031 (4863811) C               LTR_v2     Unspecified    (16)     333     216    
   291 18.68 1.89 9.09           CM034721.1  24087955  24088060 (4593782) C               LTR_v2     Unspecified   (143)     206     108    
   542 19.68 2.33 1.54           CM034721.1  24092880  24093008 (4588834) C               LTR_v2     Unspecified   (112)     237     108    
   545 24.51 5.88 4.00           CM034721.1  24195234  24195454 (4486388) +               LTR_v2     Unspecified      91     315    (34)    
   538 22.10 7.39 5.56           CM034721.1  24660778  24661007 (4020835) C               LTR_v2     Unspecified    (25)     324      91    
   524 24.75 7.17 4.53           CM034721.1  25139646  25139882 (3541960) C               LTR_v2     Unspecified    (16)     333      91    
   461 25.10 6.37 2.36           CM034721.1  25754883  25755086 (2926756) +               LTR_v2     Unspecified     104     315    (34)    
   440 25.60 6.37 2.36           CM034721.1  25783643  25783846 (2897996) +               LTR_v2     Unspecified     104     315    (34)    
   461 25.10 6.37 2.36           CM034721.1  25790691  25790894 (2890948) +               LTR_v2     Unspecified     104     315    (34)    
   350 23.16 9.22 1.99           CM034721.1  26517067  26517207 (2164635) C               LTR_v2     Unspecified    (71)     278     128    
   294 24.66 9.71 2.67           CM034721.1  27888558  27888732 (793110) C               LTR_v2     Unspecified    (64)     285      99    
   331 24.32 10.00 2.33           CM034721.1  27945065  27945224 (736618) C               LTR_v2     Unspecified    (79)     270      99    
   357 24.35 9.47 2.78           CM034721.1  27953662  27953830 (728012) C               LTR_v2     Unspecified    (71)     278      99    
   330 22.59 10.00 1.99           CM034721.1  27967768  27967907 (713935) C               LTR_v2     Unspecified    (71)     278     128    
   524 24.98 6.09 4.27           CM034721.1  28029900  28030129 (651713) +               LTR_v2     Unspecified      91     324    (25)    
   515 24.98 6.09 4.27           CM034721.1  28034637  28034866 (646976) +               LTR_v2     Unspecified      91     324    (25)    
   422 23.63 10.36 4.70           CM034721.1  28079787  28080008 (601834) +               LTR_v2     Unspecified      91     324    (25)    
   515 24.98 6.09 4.27           CM034721.1  28084510  28084739 (597103) +               LTR_v2     Unspecified      91     324    (25)    
   312 23.34 20.48 4.12           CM034721.1  28111766  28111975 (569867) +               LTR_v2     Unspecified      91     333    (16)    
   521 30.28 2.11 3.86           CM034722.1    112171    112407 (33823707) +               LTR_v2     Unspecified      92     324    (25)    
   451 24.18 6.52 4.70           CM034722.1   1414409   1414638 (32521476) +               LTR_v2     Unspecified      91     324    (25)    
   441 24.26 6.82 4.44           CM034722.1   3020149   3020368 (30915746) +               LTR_v2     Unspecified      91     315    (34)    
   435 24.26 6.82 4.44           CM034722.1   3024047   3024266 (30911848) +               LTR_v2     Unspecified      91     315    (34)    
   303 24.28 4.86 5.59           CM034722.1   3569365   3569508 (30366606) +               LTR_v2     Unspecified     173     315    (34)    
   430 21.82 8.33 5.56           CM034722.1   3601588   3601815 (30334299) +               LTR_v2     Unspecified      91     324    (25)    
   238 23.97 10.14 6.29           CM034722.1   3602918   3603055 (30333059) C               LTR_v2     Unspecified    (34)     315     173    
   351 25.20 3.31 5.41           CM034722.1   3615736   3615886 (30320228) C               LTR_v2     Unspecified    (34)     315     168    
   527 23.79 6.82 4.44           CM034722.1   3795418   3795637 (30140477) C               LTR_v2     Unspecified    (34)     315      91    
   334 23.67 10.00 2.33           CM034722.1   3827374   3827533 (30108581) C               LTR_v2     Unspecified    (79)     270      99    
   457 26.12 4.67 5.16           CM034722.1   3866766   3866979 (30069135) +               LTR_v2     Unspecified     109     321    (28)    
  2560 2.46 1.51 2.12           CM034722.1   4741201   4741532 (29194582) C               LTR_v2     Unspecified    (19)     330       1    
  3148 0.00 0.29 0.00           CM034722.1   4746036   4746383 (29189731) C               LTR_v2     Unspecified     (0)     349       1    
   627 19.53 1.54 1.54           CM034722.1  10452705  10452834 (23483280) +               LTR_v2     Unspecified     108     237   (112)    
   627 19.53 1.54 1.54           CM034722.1  10457731  10457860 (23478254) +               LTR_v2     Unspecified     108     237   (112)    
  3258 0.00 0.00 0.00           CM034722.1  14916216  14916564 (19019550) +               LTR_v2     Unspecified       1     349     (0)    
  3258 0.00 0.00 0.00           CM034722.1  14921002  14921350 (19014764) +               LTR_v2     Unspecified       1     349     (0)    
   627 19.53 1.54 1.54           CM034722.1  17719934  17720063 (16216051) +               LTR_v2     Unspecified     108     237   (112)    
   627 19.53 1.54 1.54           CM034722.1  17724888  17725017 (16211097) +               LTR_v2     Unspecified     108     237   (112)    
   563 19.20 3.94 1.54           CM034722.1  20472713  20472839 (13463275) C               LTR_v2     Unspecified   (112)     237     108    
  3240 0.00 0.00 0.00           CM034722.1  22574600  22574948 (11361166) +               LTR_v2     Unspecified       1     349     (0)    
  3240 0.00 0.00 0.00           CM034722.1  22579451  22579799 (11356315) +               LTR_v2     Unspecified       1     349     (0)    
  3240 0.00 0.00 0.00           CM034722.1  27889838  27890186 (6045928) +               LTR_v2     Unspecified       1     349     (0)    
  3203 0.00 0.29 0.00           CM034722.1  27894609  27894956 (6041158) +               LTR_v2     Unspecified       1     349     (0)    
  3019 0.00 0.00 0.29           CM034722.1  33623887  33624236 (311878) +               LTR_v2     Unspecified       1     349     (0)    
  3049 0.00 0.00 0.00           CM034722.1  33628748  33629096 (307018) +               LTR_v2     Unspecified       1     349     (0)    
   610 20.58 2.90 1.43           CM034722.1  33829169  33829306 (106808) +               LTR_v2     Unspecified      98     237   (112)    
   589 19.68 2.33 1.54           CM034722.1  33834160  33834288 (101826) +               LTR_v2     Unspecified     108     237   (112)    
   350 25.61 10.06 1.74    JAEMMQ010000012.1     21439     21597  (52859) C               LTR_v2     Unspecified    (79)     270      99    
   350 25.61 10.06 1.74    JAEMMQ010000012.1     34654     34812  (39644) C               LTR_v2     Unspecified    (79)     270      99    
